<?xml version="1.0" encoding="UTF-8"?>
<testng-results ignored="0" total="1" passed="1" failed="0" skipped="0">
  <reporter-output>
  </reporter-output>
  <suite started-at="2022-03-01T08:21:39 GMT-08:00" name="Demo Web App test suite" finished-at="2022-03-01T08:22:03 GMT-08:00" duration-ms="23899">
    <groups>
    </groups>
    <test started-at="2022-03-01T08:21:39 GMT-08:00" name="DataDriven Tests" finished-at="2022-03-01T08:22:03 GMT-08:00" duration-ms="23899">
      <class name="Tests.TC_0002_PasswordForgot">
        <test-method is-config="true" signature="LaunchApplication()[pri:0, instance:Tests.TC_0002_PasswordForgot@932bc4a]" started-at="2022-03-01T08:21:40 GMT-08:00" name="LaunchApplication" finished-at="2022-03-01T08:22:01 GMT-08:00" duration-ms="21417" status="PASS">
          <reporter-output>
          </reporter-output>
        </test-method> <!-- LaunchApplication -->
        <test-method signature="VerifyForgotPassworPage()[pri:0, instance:Tests.TC_0002_PasswordForgot@932bc4a]" started-at="2022-03-01T08:22:01 GMT-08:00" name="VerifyForgotPassworPage" finished-at="2022-03-01T08:22:02 GMT-08:00" duration-ms="711" status="PASS">
          <reporter-output>
          </reporter-output>
        </test-method> <!-- VerifyForgotPassworPage -->
        <test-method is-config="true" signature="tearDown()[pri:0, instance:Tests.TC_0002_PasswordForgot@932bc4a]" started-at="2022-03-01T08:22:02 GMT-08:00" name="tearDown" finished-at="2022-03-01T08:22:03 GMT-08:00" duration-ms="890" status="PASS">
          <reporter-output>
          </reporter-output>
        </test-method> <!-- tearDown -->
      </class> <!-- Tests.TC_0002_PasswordForgot -->
    </test> <!-- DataDriven Tests -->
  </suite> <!-- Demo Web App test suite -->
</testng-results>
